This is pdfTeX, Version 3.141592653-2.6-1.40.29 (MiKTeX 26.2) (preloaded format=pdflatex 2026.3.13)  20 APR 2026 01:40
entering extended mode
 restricted \write18 enabled.
 file:line:error style messages enabled.
 %&-line parsing enabled.
**"c:/Users/MOHAMMAD UMAIR/Documents/Coding/VirtualEnvironments/Python314/A-3/report/assignment_report.tex"
(c:/Users/MOHAMMAD UMAIR/Documents/Coding/VirtualEnvironments/Python314/A-3/report/assignment_report.tex
LaTeX2e <2025-11-01>
L3 programming layer <2026-01-19>
(C:\Users\MOHAMMAD UMAIR\AppData\Local\Programs\MiKTeX\tex/latex/base\article.cls
Document Class: article 2025/01/22 v1.4n Standard LaTeX document class
(C:\Users\MOHAMMAD UMAIR\AppData\Local\Programs\MiKTeX\tex/latex/base\size12.clo
File: size12.clo 2025/01/22 v1.4n Standard LaTeX file (size option)
)
\c@part=\count275
\c@section=\count276
\c@subsection=\count277
\c@subsubsection=\count278
\c@paragraph=\count279
\c@subparagraph=\count280
\c@figure=\count281
\c@table=\count282
\abovecaptionskip=\skip49
\belowcaptionskip=\skip50
\bibindent=\dimen148
) (C:\Users\MOHAMMAD UMAIR\AppData\Local\Programs\MiKTeX\tex/latex/base\fontenc.sty
Package: fontenc 2025/07/18 v2.1d Standard LaTeX package
) (C:\Users\MOHAMMAD UMAIR\AppData\Local\Programs\MiKTeX\tex/latex/base\inputenc.sty
Package: inputenc 2024/02/08 v1.3d Input encoding file
\inpenc@prehook=\toks17
\inpenc@posthook=\toks18
) (C:\Users\MOHAMMAD UMAIR\AppData\Local\Programs\MiKTeX\tex/latex/geometry\geometry.sty
Package: geometry 2020/01/02 v5.9 Page Geometry
 (C:\Users\MOHAMMAD UMAIR\AppData\Local\Programs\MiKTeX\tex/latex/graphics\keyval.sty
Package: keyval 2022/05/29 v1.15 key=value parser (DPC)
\KV@toks@=\toks19
) (C:\Users\MOHAMMAD UMAIR\AppData\Local\Programs\MiKTeX\tex/generic/iftex\ifvtex.sty
Package: ifvtex 2019/10/25 v1.7 ifvtex legacy package. Use iftex instead.
 (C:\Users\MOHAMMAD UMAIR\AppData\Local\Programs\MiKTeX\tex/generic/iftex\iftex.sty
Package: iftex 2024/12/12 v1.0g TeX engine tests
))
\Gm@cnth=\count283
\Gm@cntv=\count284
\c@Gm@tempcnt=\count285
\Gm@bindingoffset=\dimen149
\Gm@wd@mp=\dimen150
\Gm@odd@mp=\dimen151
\Gm@even@mp=\dimen152
\Gm@layoutwidth=\dimen153
\Gm@layoutheight=\dimen154
\Gm@layouthoffset=\dimen155
\Gm@layoutvoffset=\dimen156
\Gm@dimlist=\toks20
 (C:\Users\MOHAMMAD UMAIR\AppData\Local\Programs\MiKTeX\tex/latex/geometry\geometry.cfg)) (C:\Users\MOHAMMAD UMAIR\AppData\Local\Programs\MiKTeX\tex/latex/graphics\graphicx.sty
Package: graphicx 2024/12/31 v1.2e Enhanced LaTeX Graphics (DPC,SPQR)
 (C:\Users\MOHAMMAD UMAIR\AppData\Local\Programs\MiKTeX\tex/latex/graphics\graphics.sty
Package: graphics 2024/08/06 v1.4g Standard LaTeX Graphics (DPC,SPQR)
 (C:\Users\MOHAMMAD UMAIR\AppData\Local\Programs\MiKTeX\tex/latex/graphics\trig.sty
Package: trig 2023/12/02 v1.11 sin cos tan (DPC)
) (C:\Users\MOHAMMAD UMAIR\AppData\Local\Programs\MiKTeX\tex/latex/graphics-cfg\graphics.cfg
File: graphics.cfg 2016/06/04 v1.11 sample graphics configuration
)
Package graphics Info: Driver file: pdftex.def on input line 106.
 (C:\Users\MOHAMMAD UMAIR\AppData\Local\Programs\MiKTeX\tex/latex/graphics-def\pdftex.def
File: pdftex.def 2025/09/29 v1.2d Graphics/color driver for pdftex
))
\Gin@req@height=\dimen157
\Gin@req@width=\dimen158
) (C:\Users\MOHAMMAD UMAIR\AppData\Local\Programs\MiKTeX\tex/latex/amsmath\amsmath.sty
Package: amsmath 2025/07/09 v2.17z AMS math features
\@mathmargin=\skip51

For additional information on amsmath, use the `?' option.
(C:\Users\MOHAMMAD UMAIR\AppData\Local\Programs\MiKTeX\tex/latex/amsmath\amstext.sty
Package: amstext 2024/11/17 v2.01 AMS text
 (C:\Users\MOHAMMAD UMAIR\AppData\Local\Programs\MiKTeX\tex/latex/amsmath\amsgen.sty
File: amsgen.sty 1999/11/30 v2.0 generic functions
\@emptytoks=\toks21
\ex@=\dimen159
)) (C:\Users\MOHAMMAD UMAIR\AppData\Local\Programs\MiKTeX\tex/latex/amsmath\amsbsy.sty
Package: amsbsy 1999/11/29 v1.2d Bold Symbols
\pmbraise@=\dimen160
) (C:\Users\MOHAMMAD UMAIR\AppData\Local\Programs\MiKTeX\tex/latex/amsmath\amsopn.sty
Package: amsopn 2022/04/08 v2.04 operator names
)
\inf@bad=\count286
LaTeX Info: Redefining \frac on input line 233.
\uproot@=\count287
\leftroot@=\count288
LaTeX Info: Redefining \overline on input line 398.
LaTeX Info: Redefining \colon on input line 409.
\classnum@=\count289
\DOTSCASE@=\count290
LaTeX Info: Redefining \ldots on input line 495.
LaTeX Info: Redefining \dots on input line 498.
LaTeX Info: Redefining \cdots on input line 619.
\Mathstrutbox@=\box53
\strutbox@=\box54
LaTeX Info: Redefining \big on input line 721.
LaTeX Info: Redefining \Big on input line 722.
LaTeX Info: Redefining \bigg on input line 723.
LaTeX Info: Redefining \Bigg on input line 724.
\big@size=\dimen161
LaTeX Font Info:    Redeclaring font encoding OML on input line 742.
LaTeX Font Info:    Redeclaring font encoding OMS on input line 743.
\macc@depth=\count291
LaTeX Info: Redefining \bmod on input line 904.
LaTeX Info: Redefining \pmod on input line 909.
LaTeX Info: Redefining \smash on input line 939.
LaTeX Info: Redefining \relbar on input line 969.
LaTeX Info: Redefining \Relbar on input line 970.
\c@MaxMatrixCols=\count292
\dotsspace@=\muskip17
\c@parentequation=\count293
\dspbrk@lvl=\count294
\tag@help=\toks22
\row@=\count295
\column@=\count296
\maxfields@=\count297
\andhelp@=\toks23
\eqnshift@=\dimen162
\alignsep@=\dimen163
\tagshift@=\dimen164
\tagwidth@=\dimen165
\totwidth@=\dimen166
\lineht@=\dimen167
\@envbody=\toks24
\multlinegap=\skip52
\multlinetaggap=\skip53
\mathdisplay@stack=\toks25
LaTeX Info: Redefining \[ on input line 2950.
LaTeX Info: Redefining \] on input line 2951.
) (C:\Users\MOHAMMAD UMAIR\AppData\Local\Programs\MiKTeX\tex/latex/amsfonts\amssymb.sty
Package: amssymb 2013/01/14 v3.01 AMS font symbols
 (C:\Users\MOHAMMAD UMAIR\AppData\Local\Programs\MiKTeX\tex/latex/amsfonts\amsfonts.sty
Package: amsfonts 2013/01/14 v3.01 Basic AMSFonts support
\symAMSa=\mathgroup4
\symAMSb=\mathgroup5
LaTeX Font Info:    Redeclaring math symbol \hbar on input line 98.
LaTeX Font Info:    Overwriting math alphabet `\mathfrak' in version `bold'
(Font)                  U/euf/m/n --> U/euf/b/n on input line 106.
)) (C:\Users\MOHAMMAD UMAIR\AppData\Local\Programs\MiKTeX\tex/latex/listings\listings.sty
\lst@mode=\count298
\lst@gtempboxa=\box55
\lst@token=\toks26
\lst@length=\count299
\lst@currlwidth=\dimen168
\lst@column=\count300
\lst@pos=\count301
\lst@lostspace=\dimen169
\lst@width=\dimen170
\lst@newlines=\count302
\lst@lineno=\count303
\lst@maxwidth=\dimen171
 (C:\Users\MOHAMMAD UMAIR\AppData\Local\Programs\MiKTeX\tex/latex/listings\lstpatch.sty
File: lstpatch.sty 2025/11/14 1.11b (Carsten Heinz)
) (C:\Users\MOHAMMAD UMAIR\AppData\Local\Programs\MiKTeX\tex/latex/listings\lstmisc.sty
File: lstmisc.sty 2025/11/14 1.11b (Carsten Heinz)
\c@lstnumber=\count304
\lst@skipnumbers=\count305
\lst@framebox=\box56
) (C:\Users\MOHAMMAD UMAIR\AppData\Local\Programs\MiKTeX\tex/latex/listings\listings.cfg
File: listings.cfg 2025/11/14 1.11b listings configuration
))
Package: listings 2025/11/14 1.11b (Carsten Heinz)

==> First Aid for listings.sty no longer applied!
    Expected:
        2024/09/23 1.10c (Carsten Heinz)
    but found:
        2025/11/14 1.11b (Carsten Heinz)
    so I'm assuming it got fixed.
(C:\Users\MOHAMMAD UMAIR\AppData\Local\Programs\MiKTeX\tex/latex/xcolor\xcolor.sty
Package: xcolor 2024/09/29 v3.02 LaTeX color extensions (UK)
 (C:\Users\MOHAMMAD UMAIR\AppData\Local\Programs\MiKTeX\tex/latex/graphics-cfg\color.cfg
File: color.cfg 2016/01/02 v1.6 sample color configuration
)
Package xcolor Info: Driver file: pdftex.def on input line 274.
 (C:\Users\MOHAMMAD UMAIR\AppData\Local\Programs\MiKTeX\tex/latex/graphics\mathcolor.ltx)
Package xcolor Info: Model `cmy' substituted by `cmy0' on input line 1349.
Package xcolor Info: Model `hsb' substituted by `rgb' on input line 1353.
Package xcolor Info: Model `RGB' extended on input line 1365.
Package xcolor Info: Model `HTML' substituted by `rgb' on input line 1367.
Package xcolor Info: Model `Hsb' substituted by `hsb' on input line 1368.
Package xcolor Info: Model `tHsb' substituted by `hsb' on input line 1369.
Package xcolor Info: Model `HSB' substituted by `hsb' on input line 1370.
Package xcolor Info: Model `Gray' substituted by `gray' on input line 1371.
Package xcolor Info: Model `wave' substituted by `hsb' on input line 1372.
) (C:\Users\MOHAMMAD UMAIR\AppData\Local\Programs\MiKTeX\tex/latex/booktabs\booktabs.sty
Package: booktabs 2020/01/12 v1.61803398 Publication quality tables
\heavyrulewidth=\dimen172
\lightrulewidth=\dimen173
\cmidrulewidth=\dimen174
\belowrulesep=\dimen175
\belowbottomsep=\dimen176
\aboverulesep=\dimen177
\abovetopsep=\dimen178
\cmidrulesep=\dimen179
\cmidrulekern=\dimen180
\defaultaddspace=\dimen181
\@cmidla=\count306
\@cmidlb=\count307
\@aboverulesep=\dimen182
\@belowrulesep=\dimen183
\@thisruleclass=\count308
\@lastruleclass=\count309
\@thisrulewidth=\dimen184
) (C:\Users\MOHAMMAD UMAIR\AppData\Local\Programs\MiKTeX\tex/latex/tools\array.sty
Package: array 2025/09/25 v2.6n Tabular extension package (FMi)
\col@sep=\dimen185
\ar@mcellbox=\box57
\extrarowheight=\dimen186
\NC@list=\toks27
\extratabsurround=\skip54
\backup@length=\skip55
\ar@cellbox=\box58
) (C:\Users\MOHAMMAD UMAIR\AppData\Local\Programs\MiKTeX\tex/latex/multirow\multirow.sty
Package: multirow 2024/11/12 v2.9 Span multiple rows of a table
\multirow@colwidth=\skip56
\multirow@cntb=\count310
\multirow@dima=\skip57
\bigstrutjot=\dimen187
) (C:\Users\MOHAMMAD UMAIR\AppData\Local\Programs\MiKTeX\tex/latex/float\float.sty
Package: float 2001/11/08 v1.3d Float enhancements (AL)
\c@float@type=\count311
\float@exts=\toks28
\float@box=\box59
\@float@everytoks=\toks29
\@floatcapt=\box60
) (C:\Users\MOHAMMAD UMAIR\AppData\Local\Programs\MiKTeX\tex/latex/fancyhdr\fancyhdr.sty
Package: fancyhdr 2025/02/07 v5.2 Extensive control of page headers and footers
\f@nch@headwidth=\skip58
\f@nch@offset@elh=\skip59
\f@nch@offset@erh=\skip60
\f@nch@offset@olh=\skip61
\f@nch@offset@orh=\skip62
\f@nch@offset@elf=\skip63
\f@nch@offset@erf=\skip64
\f@nch@offset@olf=\skip65
\f@nch@offset@orf=\skip66
\f@nch@height=\skip67
\f@nch@footalignment=\skip68
\f@nch@widthL=\skip69
\f@nch@widthC=\skip70
\f@nch@widthR=\skip71
\@temptokenb=\toks30
) (C:\Users\MOHAMMAD UMAIR\AppData\Local\Programs\MiKTeX\tex/latex/setspace\setspace.sty
Package: setspace 2022/12/04 v6.7b set line spacing
) (C:\Users\MOHAMMAD UMAIR\AppData\Local\Programs\MiKTeX\tex/latex/tocloft\tocloft.sty
Package: tocloft 2017/08/31 v2.3i parameterised ToC, etc., typesetting
Package tocloft Info: The document has section divisions on input line 51.
\cftparskip=\skip72
\cftbeforetoctitleskip=\skip73
\cftaftertoctitleskip=\skip74
\cftbeforepartskip=\skip75
\cftpartnumwidth=\skip76
\cftpartindent=\skip77
\cftbeforesecskip=\skip78
\cftsecindent=\skip79
\cftsecnumwidth=\skip80
\cftbeforesubsecskip=\skip81
\cftsubsecindent=\skip82
\cftsubsecnumwidth=\skip83
\cftbeforesubsubsecskip=\skip84
\cftsubsubsecindent=\skip85
\cftsubsubsecnumwidth=\skip86
\cftbeforeparaskip=\skip87
\cftparaindent=\skip88
\cftparanumwidth=\skip89
\cftbeforesubparaskip=\skip90
\cftsubparaindent=\skip91
\cftsubparanumwidth=\skip92
\cftbeforeloftitleskip=\skip93
\cftafterloftitleskip=\skip94
\cftbeforefigskip=\skip95
\cftfigindent=\skip96
\cftfignumwidth=\skip97
\c@lofdepth=\count312
\c@lotdepth=\count313
\cftbeforelottitleskip=\skip98
\cftafterlottitleskip=\skip99
\cftbeforetabskip=\skip100
\cfttabindent=\skip101
\cfttabnumwidth=\skip102
) (C:\Users\MOHAMMAD UMAIR\AppData\Local\Programs\MiKTeX\tex/latex/hyperref\hyperref.sty
Package: hyperref 2026-01-29 v7.01p Hypertext links for LaTeX
 (C:\Users\MOHAMMAD UMAIR\AppData\Local\Programs\MiKTeX\tex/latex/kvsetkeys\kvsetkeys.sty
Package: kvsetkeys 2022-10-05 v1.19 Key value parser (HO)
) (C:\Users\MOHAMMAD UMAIR\AppData\Local\Programs\MiKTeX\tex/generic/kvdefinekeys\kvdefinekeys.sty
Package: kvdefinekeys 2019-12-19 v1.6 Define keys (HO)
) (C:\Users\MOHAMMAD UMAIR\AppData\Local\Programs\MiKTeX\tex/generic/pdfescape\pdfescape.sty
Package: pdfescape 2019/12/09 v1.15 Implements pdfTeX's escape features (HO)
 (C:\Users\MOHAMMAD UMAIR\AppData\Local\Programs\MiKTeX\tex/generic/ltxcmds\ltxcmds.sty
Package: ltxcmds 2023-12-04 v1.26 LaTeX kernel commands for general use (HO)
) (C:\Users\MOHAMMAD UMAIR\AppData\Local\Programs\MiKTeX\tex/generic/pdftexcmds\pdftexcmds.sty
Package: pdftexcmds 2020-06-27 v0.33 Utility functions of pdfTeX for LuaTeX (HO)
 (C:\Users\MOHAMMAD UMAIR\AppData\Local\Programs\MiKTeX\tex/generic/infwarerr\infwarerr.sty
Package: infwarerr 2019/12/03 v1.5 Providing info/warning/error messages (HO)
)
Package pdftexcmds Info: \pdf@primitive is available.
Package pdftexcmds Info: \pdf@ifprimitive is available.
Package pdftexcmds Info: \pdfdraftmode found.
)) (C:\Users\MOHAMMAD UMAIR\AppData\Local\Programs\MiKTeX\tex/latex/hycolor\hycolor.sty
Package: hycolor 2020-01-27 v1.10 Color options for hyperref/bookmark (HO)
) (C:\Users\MOHAMMAD UMAIR\AppData\Local\Programs\MiKTeX\tex/latex/hyperref\nameref.sty
Package: nameref 2026-01-29 v2.58 Cross-referencing by name of section
 (C:\Users\MOHAMMAD UMAIR\AppData\Local\Programs\MiKTeX\tex/latex/refcount\refcount.sty
Package: refcount 2019/12/15 v3.6 Data extraction from label references (HO)
) (C:\Users\MOHAMMAD UMAIR\AppData\Local\Programs\MiKTeX\tex/generic/gettitlestring\gettitlestring.sty
Package: gettitlestring 2019/12/15 v1.6 Cleanup title references (HO)
 (C:\Users\MOHAMMAD UMAIR\AppData\Local\Programs\MiKTeX\tex/latex/kvoptions\kvoptions.sty
Package: kvoptions 2022-06-15 v3.15 Key value format for package options (HO)
))
\c@section@level=\count314
) (C:\Users\MOHAMMAD UMAIR\AppData\Local\Programs\MiKTeX\tex/latex/etoolbox\etoolbox.sty
Package: etoolbox 2025/10/02 v2.5m e-TeX tools for LaTeX (JAW)
\etb@tempcnta=\count315
) (C:\Users\MOHAMMAD UMAIR\AppData\Local\Programs\MiKTeX\tex/generic/stringenc\stringenc.sty
Package: stringenc 2019/11/29 v1.12 Convert strings between diff. encodings (HO)
)
\@linkdim=\dimen188
\Hy@linkcounter=\count316
\Hy@pagecounter=\count317
 (C:\Users\MOHAMMAD UMAIR\AppData\Local\Programs\MiKTeX\tex/latex/hyperref\pd1enc.def
File: pd1enc.def 2026-01-29 v7.01p Hyperref: PDFDocEncoding definition (HO)
Now handling font encoding PD1 ...
... no UTF-8 mapping file for font encoding PD1
) (C:\Users\MOHAMMAD UMAIR\AppData\Local\Programs\MiKTeX\tex/generic/intcalc\intcalc.sty
Package: intcalc 2019/12/15 v1.3 Expandable calculations with integers (HO)
)
\Hy@SavedSpaceFactor=\count318
 (C:\Users\MOHAMMAD UMAIR\AppData\Local\Programs\MiKTeX\tex/latex/hyperref\puenc.def
File: puenc.def 2026-01-29 v7.01p Hyperref: PDF Unicode definition (HO)
Now handling font encoding PU ...
... no UTF-8 mapping file for font encoding PU
)
Package hyperref Info: Hyper figures OFF on input line 4201.
Package hyperref Info: Link nesting OFF on input line 4206.
Package hyperref Info: Hyper index ON on input line 4209.
Package hyperref Info: Plain pages OFF on input line 4216.
Package hyperref Info: Backreferencing OFF on input line 4221.
Package hyperref Info: Implicit mode ON; LaTeX internals redefined.
Package hyperref Info: Bookmarks ON on input line 4468.
\c@Hy@tempcnt=\count319
 (C:\Users\MOHAMMAD UMAIR\AppData\Local\Programs\MiKTeX\tex/latex/url\url.sty
\Urlmuskip=\muskip18
Package: url 2013/09/16  ver 3.4  Verb mode for urls, etc.
)
LaTeX Info: Redefining \url on input line 4807.
\XeTeXLinkMargin=\dimen189
 (C:\Users\MOHAMMAD UMAIR\AppData\Local\Programs\MiKTeX\tex/generic/bitset\bitset.sty
Package: bitset 2019/12/09 v1.3 Handle bit-vector datatype (HO)
 (C:\Users\MOHAMMAD UMAIR\AppData\Local\Programs\MiKTeX\tex/generic/bigintcalc\bigintcalc.sty
Package: bigintcalc 2019/12/15 v1.5 Expandable calculations on big integers (HO)
))
\Fld@menulength=\count320
\Field@Width=\dimen190
\Fld@charsize=\dimen191
Package hyperref Info: Hyper figures OFF on input line 6084.
Package hyperref Info: Link nesting OFF on input line 6089.
Package hyperref Info: Hyper index ON on input line 6092.
Package hyperref Info: backreferencing OFF on input line 6099.
Package hyperref Info: Link coloring OFF on input line 6104.
Package hyperref Info: Link coloring with OCG OFF on input line 6109.
Package hyperref Info: PDF/A mode OFF on input line 6114.
\Hy@abspage=\count321
\c@Item=\count322
\c@Hfootnote=\count323
)
Package hyperref Info: Driver (autodetected): hpdftex.
 (C:\Users\MOHAMMAD UMAIR\AppData\Local\Programs\MiKTeX\tex/latex/hyperref\hpdftex.def
File: hpdftex.def 2026-01-29 v7.01p Hyperref driver for pdfTeX
\Fld@listcount=\count324
\c@bookmark@seq@number=\count325
 (C:\Users\MOHAMMAD UMAIR\AppData\Local\Programs\MiKTeX\tex/latex/rerunfilecheck\rerunfilecheck.sty
Package: rerunfilecheck 2025-06-21 v1.11 Rerun checks for auxiliary files (HO)
 (C:\Users\MOHAMMAD UMAIR\AppData\Local\Programs\MiKTeX\tex/generic/uniquecounter\uniquecounter.sty
Package: uniquecounter 2019/12/15 v1.4 Provide unlimited unique counter (HO)
)
Package uniquecounter Info: New unique counter `rerunfilecheck' on input line 284.
)
\Hy@SectionHShift=\skip103
) (C:\Users\MOHAMMAD UMAIR\AppData\Local\Programs\MiKTeX\tex/latex/listings\lstlang1.sty
File: lstlang1.sty 2025/11/14 1.11b listings language file
)
Package hyperref Info: Option `colorlinks' set `true' on input line 68.
 (C:\Users\MOHAMMAD UMAIR\AppData\Local\Programs\MiKTeX\tex/latex/l3backend\l3backend-pdftex.def
File: l3backend-pdftex.def 2025-10-09 L3 backend support: PDF output (pdfTeX)
\l__color_backend_stack_int=\count326
) (assignment_report.aux)
\openout1 = `assignment_report.aux'.

LaTeX Font Info:    Checking defaults for OML/cmm/m/it on input line 74.
LaTeX Font Info:    ... okay on input line 74.
LaTeX Font Info:    Checking defaults for OMS/cmsy/m/n on input line 74.
LaTeX Font Info:    ... okay on input line 74.
LaTeX Font Info:    Checking defaults for OT1/cmr/m/n on input line 74.
LaTeX Font Info:    ... okay on input line 74.
LaTeX Font Info:    Checking defaults for T1/cmr/m/n on input line 74.
LaTeX Font Info:    ... okay on input line 74.
LaTeX Font Info:    Checking defaults for TS1/cmr/m/n on input line 74.
LaTeX Font Info:    ... okay on input line 74.
LaTeX Font Info:    Checking defaults for OMX/cmex/m/n on input line 74.
LaTeX Font Info:    ... okay on input line 74.
LaTeX Font Info:    Checking defaults for U/cmr/m/n on input line 74.
LaTeX Font Info:    ... okay on input line 74.
LaTeX Font Info:    Checking defaults for PD1/pdf/m/n on input line 74.
LaTeX Font Info:    ... okay on input line 74.
LaTeX Font Info:    Checking defaults for PU/pdf/m/n on input line 74.
LaTeX Font Info:    ... okay on input line 74.

*geometry* driver: auto-detecting
*geometry* detected driver: pdftex
*geometry* verbose mode - [ preamble ] result:
* driver: pdftex
* paper: a4paper
* layout: <same size as paper>
* layoutoffset:(h,v)=(0.0pt,0.0pt)
* modes: 
* h-part:(L,W,R)=(72.26999pt, 452.9679pt, 72.26999pt)
* v-part:(T,H,B)=(72.26999pt, 700.50687pt, 72.26999pt)
* \paperwidth=597.50787pt
* \paperheight=845.04684pt
* \textwidth=452.9679pt
* \textheight=700.50687pt
* \oddsidemargin=0.0pt
* \evensidemargin=0.0pt
* \topmargin=-37.0pt
* \headheight=14.5pt
* \headsep=25.0pt
* \topskip=12.0pt
* \footskip=30.0pt
* \marginparwidth=35.0pt
* \marginparsep=10.0pt
* \columnsep=10.0pt
* \skip\footins=10.8pt plus 4.0pt minus 2.0pt
* \hoffset=0.0pt
* \voffset=0.0pt
* \mag=1000
* \@twocolumnfalse
* \@twosidefalse
* \@mparswitchfalse
* \@reversemarginfalse
* (1in=72.27pt=25.4mm, 1cm=28.453pt)

(C:\Users\MOHAMMAD UMAIR\AppData\Local\Programs\MiKTeX\tex/context/base/mkii\supp-pdf.mkii
[Loading MPS to PDF converter (version 2006.09.02).]
\scratchcounter=\count327
\scratchdimen=\dimen192
\scratchbox=\box61
\nofMPsegments=\count328
\nofMParguments=\count329
\everyMPshowfont=\toks31
\MPscratchCnt=\count330
\MPscratchDim=\dimen193
\MPnumerator=\count331
\makeMPintoPDFobject=\count332
\everyMPtoPDFconversion=\toks32
) (C:\Users\MOHAMMAD UMAIR\AppData\Local\Programs\MiKTeX\tex/latex/epstopdf-pkg\epstopdf-base.sty
Package: epstopdf-base 2020-01-24 v2.11 Base part for package epstopdf
Package epstopdf-base Info: Redefining graphics rule for `.eps' on input line 485.
 (C:\Users\MOHAMMAD UMAIR\AppData\Local\Programs\MiKTeX\tex/latex/00miktex\epstopdf-sys.cfg
File: epstopdf-sys.cfg 2021/03/18 v2.0 Configuration of epstopdf for MiKTeX
))
\c@lstlisting=\count333
Package hyperref Info: Link coloring ON on input line 74.
\@outlinefile=\write3
\openout3 = `assignment_report.out'.

 [1

{C:/Users/MOHAMMAD UMAIR/AppData/Local/MiKTeX/fonts/map/pdftex/pdftex.map}]
LaTeX Font Info:    Trying to load font information for U+msa on input line 127.
 (C:\Users\MOHAMMAD UMAIR\AppData\Local\Programs\MiKTeX\tex/latex/amsfonts\umsa.fd
File: umsa.fd 2013/01/14 v3.01 AMS symbols A
)
LaTeX Font Info:    Trying to load font information for U+msb on input line 127.
 (C:\Users\MOHAMMAD UMAIR\AppData\Local\Programs\MiKTeX\tex/latex/amsfonts\umsb.fd
File: umsb.fd 2013/01/14 v3.01 AMS symbols B
)
LaTeX Font Info:    Font shape `T1/cmtt/bx/n' in size <12> not available
(Font)              Font shape `T1/cmtt/m/n' tried instead on input line 146.

pdfTeX warning (ext4): destination with the same identifier (name{page.1}) has been already used, duplicate ignored
<to be read again> 
                   \relax 
l.162     \item \textbf
                       {Support Element:} Encapsulates both restraint flags ... [1]
Overfull \hbox (1.41959pt too wide) in paragraph at lines 162--163
[]\T1/cmr/bx/n/12 Support El-e-ment: \T1/cmr/m/n/12 En-cap-su-lates both re-straint flags (\T1/cmtt/m/n/12 restrain_ux\T1/cmr/m/n/12 , \T1/cmtt/m/n/12 restrain_uy\T1/cmr/m/n/12 ,
 []


Overfull \hbox (7.6666pt too wide) in paragraph at lines 163--164
[]\T1/cmr/bx/n/12 Load El-e-ment: \T1/cmr/m/n/12 Poly-mor-phi-cally in-stan-ti-ates the ap-pro-pri-ate load class (\T1/cmtt/m/n/12 NodalLoad\T1/cmr/m/n/12 ,
 []

<domain_model.png, id=27, 1356.06625pt x 1220.56pt>
File: domain_model.png Graphic file (type png)
<use domain_model.png>
Package pdftex.def Info: domain_model.png  used on input line 193.
(pdftex.def)             Requested size: 407.66833pt x 366.91579pt.
[2]
<analysis_logic.png, id=39, 2024.56375pt x 622.325pt>
File: analysis_logic.png Graphic file (type png)
<use analysis_logic.png>
Package pdftex.def Info: analysis_logic.png  used on input line 202.
(pdftex.def)             Requested size: 407.66833pt x 125.30792pt.
<system_architecture.png, id=40, 1427.3325pt x 2033.5975pt>
File: system_architecture.png Graphic file (type png)
<use system_architecture.png>
Package pdftex.def Info: system_architecture.png  used on input line 211.
(pdftex.def)             Requested size: 407.66833pt x 580.82253pt.
 [3 <./domain_model.png (PNG copy)> <./analysis_logic.png (PNG copy)>]
<activity_diagram.png, id=51, 629.35126pt x 824.07875pt>
File: activity_diagram.png Graphic file (type png)
<use activity_diagram.png>
Package pdftex.def Info: activity_diagram.png  used on input line 220.
(pdftex.def)             Requested size: 407.66833pt x 533.80898pt.
 [4 <./system_architecture.png (PNG copy)>]
<sequence_diagram.png, id=58, 1372.12625pt x 922.44624pt>
File: sequence_diagram.png Graphic file (type png)
<use sequence_diagram.png>
Package pdftex.def Info: sequence_diagram.png  used on input line 229.
(pdftex.def)             Requested size: 407.66833pt x 274.06168pt.
 [5 <./activity_diagram.png (PNG copy)>] [6 <./sequence_diagram.png (PNG copy)>]

LaTeX Warning: Reference `lst:temperature_fef' on page 7 undefined on input line 290.


Overfull \hbox (15.89409pt too wide) in paragraph at lines 290--291
\T1/cmr/m/n/12 Listing [] demon-strates the ex-act de-com-po-si-tion and FEF com-pu-ta-tion in the \T1/cmtt/m/n/12 TemperatureL
 []

Package hyperref Info: bookmark level for unknown lstlisting defaults to 0 on input line 292.
[7] [8]

LaTeX Warning: Reference `lst:settlement_stitch' on page 9 undefined on input line 383.

c:/Users/MOHAMMAD UMAIR/Documents/Coding/VirtualEnvironments/Python314/A-3/report/assignment_report.tex:415: Missing $ inserted.
<inserted text> 
                $
l.415 \end{lstlisting}
                      
I've inserted a begin-math/end-math symbol since I think
you left one out. Proceed, with fingers crossed.

c:/Users/MOHAMMAD UMAIR/Documents/Coding/VirtualEnvironments/Python314/A-3/report/assignment_report.tex:415: Missing $ inserted.
<inserted text> 
                $
l.415 \end{lstlisting}
                      
I've inserted a begin-math/end-math symbol since I think
you left one out. Proceed, with fingers crossed.

[9] [10]
<q2a_structure.png, id=202, 1058.7555pt x 409.53pt>
File: q2a_structure.png Graphic file (type png)
<use q2a_structure.png>
Package pdftex.def Info: q2a_structure.png  used on input line 474.
(pdftex.def)             Requested size: 407.66833pt x 157.68515pt.


LaTeX Warning: Reference `tab:settlement_displacements' on page 11 undefined on input line 481.


LaTeX Warning: Reference `tab:settlement_reactions' on page 11 undefined on input line 503.


LaTeX Warning: Reference `tab:settlement_member_forces' on page 11 undefined on input line 521.

[11 <./q2a_structure.png>]
<q2a_solver_results.png, id=218, 545.78906pt x 667.74469pt>
File: q2a_solver_results.png Graphic file (type png)
<use q2a_solver_results.png>
Package pdftex.def Info: q2a_solver_results.png  used on input line 562.
(pdftex.def)             Requested size: 317.07614pt x 387.9239pt.
 [12]
<q2b_structure.png, id=227, 760.0395pt x 422.7795pt>
File: q2b_structure.png Graphic file (type png)
<use q2b_structure.png>
Package pdftex.def Info: q2b_structure.png  used on input line 582.
(pdftex.def)             Requested size: 407.66833pt x 226.76862pt.
 [13 <./q2a_solver_results.png>]

LaTeX Warning: Reference `tab:thermal_displacements' on page 14 undefined on input line 589.


LaTeX Warning: Reference `tab:thermal_member_forces' on page 14 undefined on input line 610.


LaTeX Warning: Reference `tab:thermal_reactions' on page 14 undefined on input line 637.

[14 <./q2b_structure.png>]
<q2b_solver_results.png, id=247, 566.115pt x 659.46375pt>
File: q2b_solver_results.png Graphic file (type png)
<use q2b_solver_results.png>
Package pdftex.def Info: q2b_solver_results.png  used on input line 668.
(pdftex.def)             Requested size: 317.07614pt x 369.36761pt.
 [15]
<regression_pass.png, id=255, 658.71094pt x 139.27031pt>
File: regression_pass.png Graphic file (type png)
<use regression_pass.png>
Package pdftex.def Info: regression_pass.png  used on input line 677.
(pdftex.def)             Requested size: 407.66833pt x 86.19368pt.
 [16 <./q2b_solver_results.png> <./regression_pass.png>] [17] [18] [19] (assignment_report.aux)
 ***********
LaTeX2e <2025-11-01>
L3 programming layer <2026-01-19>
 ***********


LaTeX Warning: There were undefined references.


LaTeX Warning: Label(s) may have changed. Rerun to get cross-references right.


Package rerunfilecheck Warning: File `assignment_report.out' has changed.
(rerunfilecheck)                Rerun to get outlines right
(rerunfilecheck)                or use package `bookmark'.

Package rerunfilecheck Info: Checksums for `assignment_report.out':
(rerunfilecheck)             Before: <no file>
(rerunfilecheck)             After:  99EB3139982A5BBF2F6972F71A18D040;10983.
 ) 
Here is how much of TeX's memory you used:
 13887 strings out of 467867
 210885 string characters out of 5413942
 891774 words of memory out of 5000000
 42401 multiletter control sequences out of 15000+600000
 645695 words of font info for 83 fonts, out of 8000000 for 9000
 1141 hyphenation exceptions out of 8191
 75i,15n,79p,1262b,2152s stack positions out of 10000i,1000n,20000p,200000b,200000s
 <C:\Users\MOHAMMAD UMAIR\AppData\Local\MiKTeX\fonts/pk/ljfour/jknappen/ec/dpi600\tcbx1200.pk> <C:\Users\MOHAMMAD UMAIR\AppData\Local\MiKTeX\fonts/pk/ljfour/jknappen/ec/dpi600\ecti1200.pk> <C:\Users\MOHAMMAD UMAIR\AppData\Local\MiKTeX\fonts/pk/ljfour/jknappen/ec/dpi600\tctt1095.pk> <C:\Users\MOHAMMAD UMAIR\AppData\Local\MiKTeX\fonts/pk/ljfour/jknappen/ec/dpi600\ectt1095.pk> <C:\Users\MOHAMMAD UMAIR\AppData\Local\MiKTeX\fonts/pk/ljfour/jknappen/ec/dpi600\ecrm0600.pk> <C:\Users\MOHAMMAD UMAIR\AppData\Local\MiKTeX\fonts/pk/ljfour/jknappen/ec/dpi600\ecrm0800.pk> <C:\Users\MOHAMMAD UMAIR\AppData\Local\MiKTeX\fonts/pk/ljfour/jknappen/ec/dpi600\tcrm1200.pk> <C:\Users\MOHAMMAD UMAIR\AppData\Local\MiKTeX\fonts/pk/ljfour/jknappen/ec/dpi600\ecbx1200.pk> <C:\Users\MOHAMMAD UMAIR\AppData\Local\MiKTeX\fonts/pk/ljfour/jknappen/ec/dpi600\ectt1200.pk> <C:\Users\MOHAMMAD UMAIR\AppData\Local\MiKTeX\fonts/pk/ljfour/jknappen/ec/dpi600\ecrm1200.pk> <C:\Users\MOHAMMAD UMAIR\AppData\Local\MiKTeX\fonts/pk/ljfour/jknappen/ec/dpi600\ecti1440.pk> <C:\Users\MOHAMMAD UMAIR\AppData\Local\MiKTeX\fonts/pk/ljfour/jknappen/ec/dpi600\ecbx1440.pk> <C:\Users\MOHAMMAD UMAIR\AppData\Local\MiKTeX\fonts/pk/ljfour/jknappen/ec/dpi600\ecrm1440.pk> <C:\Users\MOHAMMAD UMAIR\AppData\Local\MiKTeX\fonts/pk/ljfour/jknappen/ec/dpi600\ecbx2488.pk> <C:\Users\MOHAMMAD UMAIR\AppData\Local\MiKTeX\fonts/pk/ljfour/jknappen/ec/dpi600\ecbx1728.pk><C:/Users/MOHAMMAD UMAIR/AppData/Local/Programs/MiKTeX/fonts/type1/public/amsfonts/cm/cmbx12.pfb><C:/Users/MOHAMMAD UMAIR/AppData/Local/Programs/MiKTeX/fonts/type1/public/amsfonts/cm/cmex10.pfb><C:/Users/MOHAMMAD UMAIR/AppData/Local/Programs/MiKTeX/fonts/type1/public/amsfonts/cm/cmmi12.pfb><C:/Users/MOHAMMAD UMAIR/AppData/Local/Programs/MiKTeX/fonts/type1/public/amsfonts/cm/cmmi8.pfb><C:/Users/MOHAMMAD UMAIR/AppData/Local/Programs/MiKTeX/fonts/type1/public/amsfonts/cm/cmr12.pfb><C:/Users/MOHAMMAD UMAIR/AppData/Local/Programs/MiKTeX/fonts/type1/public/amsfonts/cm/cmr8.pfb><C:/Users/MOHAMMAD UMAIR/AppData/Local/Programs/MiKTeX/fonts/type1/public/amsfonts/cm/cmsy10.pfb><C:/Users/MOHAMMAD UMAIR/AppData/Local/Programs/MiKTeX/fonts/type1/public/amsfonts/cm/cmsy8.pfb><C:/Users/MOHAMMAD UMAIR/AppData/Local/Programs/MiKTeX/fonts/type1/public/amsfonts/symbols/msam10.pfb>
Output written on assignment_report.pdf (20 pages, 1021753 bytes).
PDF statistics:
 873 PDF objects out of 1000 (max. 8388607)
 189 named destinations out of 1000 (max. 500000)
 51 words of extra memory for PDF output out of 10000 (max. 10000000)

